<?xml version="1.0" encoding="UTF-8"?>
<testng-results ignored="0" total="10" passed="10" failed="0" skipped="0">
  <reporter-output>
  </reporter-output>
  <suite started-at="2021-11-26T02:23:22 IST" name="Default suite" finished-at="2021-11-26T02:26:53 IST" duration-ms="210085">
    <groups>
    </groups>
    <test started-at="2021-11-26T02:23:22 IST" name="Default test" finished-at="2021-11-26T02:26:53 IST" duration-ms="210085">
      <class name="com.Comprehensive1.testCases.Runnerclass">
        <test-method is-config="true" signature="Dinit()[pri:0, instance:com.Comprehensive1.testCases.Runnerclass@12299890]" started-at="2021-11-26T02:23:24 IST" name="Dinit" finished-at="2021-11-26T02:23:35 IST" duration-ms="11805" status="PASS">
          <reporter-output>
          </reporter-output>
        </test-method> <!-- Dinit -->
        <test-method signature="Clickforlogin(java.lang.String,java.lang.String)[pri:1, instance:com.Comprehensive1.testCases.Runnerclass@12299890]" started-at="2021-11-26T02:23:35 IST" name="Clickforlogin" data-provider="getvalue" finished-at="2021-11-26T02:23:44 IST" duration-ms="8691" status="PASS">
          <params>
            <param index="0">
              <value>
                <![CDATA[viveksharmavs786@gmail.com]]>
              </value>
            </param>
            <param index="1">
              <value>
                <![CDATA[12345678]]>
              </value>
            </param>
          </params>
          <reporter-output>
          </reporter-output>
        </test-method> <!-- Clickforlogin -->
        <test-method is-config="true" signature="Dclose()[pri:0, instance:com.Comprehensive1.testCases.Runnerclass@12299890]" started-at="2021-11-26T02:23:44 IST" name="Dclose" finished-at="2021-11-26T02:23:46 IST" duration-ms="1818" status="PASS">
          <reporter-output>
          </reporter-output>
        </test-method> <!-- Dclose -->
        <test-method is-config="true" signature="Dinit()[pri:0, instance:com.Comprehensive1.testCases.Runnerclass@12299890]" started-at="2021-11-26T02:23:46 IST" name="Dinit" finished-at="2021-11-26T02:24:07 IST" duration-ms="20581" status="PASS">
          <reporter-output>
          </reporter-output>
        </test-method> <!-- Dinit -->
        <test-method signature="ClickSearchBar(java.lang.String)[pri:2, instance:com.Comprehensive1.testCases.Runnerclass@12299890]" started-at="2021-11-26T02:24:07 IST" name="ClickSearchBar" data-provider="getvalue1" finished-at="2021-11-26T02:24:22 IST" duration-ms="15417" status="PASS">
          <params>
            <param index="0">
              <value>
                <![CDATA[Gifts for kids]]>
              </value>
            </param>
          </params>
          <reporter-output>
          </reporter-output>
        </test-method> <!-- ClickSearchBar -->
        <test-method is-config="true" signature="Dclose()[pri:0, instance:com.Comprehensive1.testCases.Runnerclass@12299890]" started-at="2021-11-26T02:24:22 IST" name="Dclose" finished-at="2021-11-26T02:24:24 IST" duration-ms="1639" status="PASS">
          <reporter-output>
          </reporter-output>
        </test-method> <!-- Dclose -->
        <test-method is-config="true" signature="Dinit()[pri:0, instance:com.Comprehensive1.testCases.Runnerclass@12299890]" started-at="2021-11-26T02:24:24 IST" name="Dinit" finished-at="2021-11-26T02:24:29 IST" duration-ms="5343" status="PASS">
          <reporter-output>
          </reporter-output>
        </test-method> <!-- Dinit -->
        <test-method signature="Headerlink()[pri:3, instance:com.Comprehensive1.testCases.Runnerclass@12299890]" started-at="2021-11-26T02:24:29 IST" name="Headerlink" finished-at="2021-11-26T02:24:39 IST" duration-ms="10101" status="PASS">
          <reporter-output>
          </reporter-output>
        </test-method> <!-- Headerlink -->
        <test-method is-config="true" signature="Dclose()[pri:0, instance:com.Comprehensive1.testCases.Runnerclass@12299890]" started-at="2021-11-26T02:24:39 IST" name="Dclose" finished-at="2021-11-26T02:24:40 IST" duration-ms="1195" status="PASS">
          <reporter-output>
          </reporter-output>
        </test-method> <!-- Dclose -->
        <test-method is-config="true" signature="Dinit()[pri:0, instance:com.Comprehensive1.testCases.Runnerclass@12299890]" started-at="2021-11-26T02:24:40 IST" name="Dinit" finished-at="2021-11-26T02:24:47 IST" duration-ms="7019" status="PASS">
          <reporter-output>
          </reporter-output>
        </test-method> <!-- Dinit -->
        <test-method signature="Headerhover()[pri:4, instance:com.Comprehensive1.testCases.Runnerclass@12299890]" started-at="2021-11-26T02:24:47 IST" name="Headerhover" finished-at="2021-11-26T02:25:01 IST" duration-ms="13302" status="PASS">
          <reporter-output>
          </reporter-output>
        </test-method> <!-- Headerhover -->
        <test-method is-config="true" signature="Dclose()[pri:0, instance:com.Comprehensive1.testCases.Runnerclass@12299890]" started-at="2021-11-26T02:25:01 IST" name="Dclose" finished-at="2021-11-26T02:25:02 IST" duration-ms="1073" status="PASS">
          <reporter-output>
          </reporter-output>
        </test-method> <!-- Dclose -->
        <test-method is-config="true" signature="Dinit()[pri:0, instance:com.Comprehensive1.testCases.Runnerclass@12299890]" started-at="2021-11-26T02:25:02 IST" name="Dinit" finished-at="2021-11-26T02:25:09 IST" duration-ms="6971" status="PASS">
          <reporter-output>
          </reporter-output>
        </test-method> <!-- Dinit -->
        <test-method signature="ClickHomeWhats()[pri:5, instance:com.Comprehensive1.testCases.Runnerclass@12299890]" started-at="2021-11-26T02:25:09 IST" name="ClickHomeWhats" finished-at="2021-11-26T02:25:20 IST" duration-ms="10781" status="PASS">
          <reporter-output>
          </reporter-output>
        </test-method> <!-- ClickHomeWhats -->
        <test-method is-config="true" signature="Dclose()[pri:0, instance:com.Comprehensive1.testCases.Runnerclass@12299890]" started-at="2021-11-26T02:25:20 IST" name="Dclose" finished-at="2021-11-26T02:25:21 IST" duration-ms="1130" status="PASS">
          <reporter-output>
          </reporter-output>
        </test-method> <!-- Dclose -->
        <test-method is-config="true" signature="Dinit()[pri:0, instance:com.Comprehensive1.testCases.Runnerclass@12299890]" started-at="2021-11-26T02:25:21 IST" name="Dinit" finished-at="2021-11-26T02:25:27 IST" duration-ms="6318" status="PASS">
          <reporter-output>
          </reporter-output>
        </test-method> <!-- Dinit -->
        <test-method signature="ClickWishlists()[pri:6, instance:com.Comprehensive1.testCases.Runnerclass@12299890]" started-at="2021-11-26T02:25:27 IST" name="ClickWishlists" finished-at="2021-11-26T02:25:38 IST" duration-ms="11113" status="PASS">
          <reporter-output>
          </reporter-output>
        </test-method> <!-- ClickWishlists -->
        <test-method is-config="true" signature="Dclose()[pri:0, instance:com.Comprehensive1.testCases.Runnerclass@12299890]" started-at="2021-11-26T02:25:38 IST" name="Dclose" finished-at="2021-11-26T02:25:39 IST" duration-ms="1206" status="PASS">
          <reporter-output>
          </reporter-output>
        </test-method> <!-- Dclose -->
        <test-method is-config="true" signature="Dinit()[pri:0, instance:com.Comprehensive1.testCases.Runnerclass@12299890]" started-at="2021-11-26T02:25:39 IST" name="Dinit" finished-at="2021-11-26T02:25:48 IST" duration-ms="9010" status="PASS">
          <reporter-output>
          </reporter-output>
        </test-method> <!-- Dinit -->
        <test-method signature="ClickGiftCard()[pri:7, instance:com.Comprehensive1.testCases.Runnerclass@12299890]" started-at="2021-11-26T02:25:48 IST" name="ClickGiftCard" finished-at="2021-11-26T02:25:55 IST" duration-ms="7115" status="PASS">
          <reporter-output>
          </reporter-output>
        </test-method> <!-- ClickGiftCard -->
        <test-method is-config="true" signature="Dclose()[pri:0, instance:com.Comprehensive1.testCases.Runnerclass@12299890]" started-at="2021-11-26T02:25:55 IST" name="Dclose" finished-at="2021-11-26T02:25:56 IST" duration-ms="1039" status="PASS">
          <reporter-output>
          </reporter-output>
        </test-method> <!-- Dclose -->
        <test-method is-config="true" signature="Dinit()[pri:0, instance:com.Comprehensive1.testCases.Runnerclass@12299890]" started-at="2021-11-26T02:25:56 IST" name="Dinit" finished-at="2021-11-26T02:26:04 IST" duration-ms="7164" status="PASS">
          <reporter-output>
          </reporter-output>
        </test-method> <!-- Dinit -->
        <test-method signature="ClickCart()[pri:8, instance:com.Comprehensive1.testCases.Runnerclass@12299890]" started-at="2021-11-26T02:26:04 IST" name="ClickCart" finished-at="2021-11-26T02:26:15 IST" duration-ms="11628" status="PASS">
          <reporter-output>
          </reporter-output>
        </test-method> <!-- ClickCart -->
        <test-method is-config="true" signature="Dclose()[pri:0, instance:com.Comprehensive1.testCases.Runnerclass@12299890]" started-at="2021-11-26T02:26:15 IST" name="Dclose" finished-at="2021-11-26T02:26:16 IST" duration-ms="1067" status="PASS">
          <reporter-output>
          </reporter-output>
        </test-method> <!-- Dclose -->
        <test-method is-config="true" signature="Dinit()[pri:0, instance:com.Comprehensive1.testCases.Runnerclass@12299890]" started-at="2021-11-26T02:26:16 IST" name="Dinit" finished-at="2021-11-26T02:26:24 IST" duration-ms="8093" status="PASS">
          <reporter-output>
          </reporter-output>
        </test-method> <!-- Dinit -->
        <test-method signature="ClickHomeDecor()[pri:9, instance:com.Comprehensive1.testCases.Runnerclass@12299890]" started-at="2021-11-26T02:26:24 IST" name="ClickHomeDecor" finished-at="2021-11-26T02:26:35 IST" duration-ms="10309" status="PASS">
          <reporter-output>
          </reporter-output>
        </test-method> <!-- ClickHomeDecor -->
        <test-method is-config="true" signature="Dclose()[pri:0, instance:com.Comprehensive1.testCases.Runnerclass@12299890]" started-at="2021-11-26T02:26:35 IST" name="Dclose" finished-at="2021-11-26T02:26:36 IST" duration-ms="1026" status="PASS">
          <reporter-output>
          </reporter-output>
        </test-method> <!-- Dclose -->
        <test-method is-config="true" signature="Dinit()[pri:0, instance:com.Comprehensive1.testCases.Runnerclass@12299890]" started-at="2021-11-26T02:26:36 IST" name="Dinit" finished-at="2021-11-26T02:26:41 IST" duration-ms="5671" status="PASS">
          <reporter-output>
          </reporter-output>
        </test-method> <!-- Dinit -->
        <test-method signature="ClickDCHome()[pri:10, instance:com.Comprehensive1.testCases.Runnerclass@12299890]" started-at="2021-11-26T02:26:41 IST" name="ClickDCHome" finished-at="2021-11-26T02:26:51 IST" duration-ms="10049" status="PASS">
          <reporter-output>
          </reporter-output>
        </test-method> <!-- ClickDCHome -->
        <test-method is-config="true" signature="Dclose()[pri:0, instance:com.Comprehensive1.testCases.Runnerclass@12299890]" started-at="2021-11-26T02:26:51 IST" name="Dclose" finished-at="2021-11-26T02:26:53 IST" duration-ms="1038" status="PASS">
          <reporter-output>
          </reporter-output>
        </test-method> <!-- Dclose -->
      </class> <!-- com.Comprehensive1.testCases.Runnerclass -->
    </test> <!-- Default test -->
  </suite> <!-- Default suite -->
</testng-results>
