<?xml version="1.0" encoding="UTF-8"?>
<!-- Generated by org.testng.reporters.JUnitXMLReporter -->
<testsuite ignored="0" hostname="LAPTOP-FD7TKB4I" failures="0" tests="10" name="Default test" time="210.085" errors="0" timestamp="2021-11-26T02:26:53 IST">
  <testcase classname="com.Comprehensive1.testCases.Runnerclass" name="Clickforlogin" time="8.691"/>
  <testcase classname="com.Comprehensive1.testCases.Runnerclass" name="ClickSearchBar" time="15.417"/>
  <testcase classname="com.Comprehensive1.testCases.Runnerclass" name="Headerlink" time="10.101"/>
  <testcase classname="com.Comprehensive1.testCases.Runnerclass" name="Headerhover" time="13.302"/>
  <testcase classname="com.Comprehensive1.testCases.Runnerclass" name="ClickHomeWhats" time="10.781"/>
  <testcase classname="com.Comprehensive1.testCases.Runnerclass" name="ClickWishlists" time="11.113"/>
  <testcase classname="com.Comprehensive1.testCases.Runnerclass" name="ClickGiftCard" time="7.115"/>
  <testcase classname="com.Comprehensive1.testCases.Runnerclass" name="ClickCart" time="11.628"/>
  <testcase classname="com.Comprehensive1.testCases.Runnerclass" name="ClickHomeDecor" time="10.309"/>
  <testcase classname="com.Comprehensive1.testCases.Runnerclass" name="ClickDCHome" time="10.049"/>
</testsuite> <!-- Default test -->
